2018-01-26 [20:29:17] [Server thread/INFO]: Loading pocketmine.yml...
2018-01-26 [20:29:17] [Server thread/INFO]: Loading server properties...
2018-01-26 [20:29:17] [Server thread/INFO]: Selected English (eng) as the base language
2018-01-26 [20:29:17] [Server thread/INFO]: Starting Minecraft: PE server version v1.2.7
2018-01-26 [20:29:18] [Server thread/NOTICE]: Online mode is enabled. The server will verify that players are authenticated to Xbox Live.
2018-01-26 [20:29:18] [Server thread/NOTICE]: To disable authentication, set "xbox-auth" to "false" in server.properties.
2018-01-26 [20:29:18] [Server thread/INFO]: Opening server on 0.0.0.0:19132
2018-01-26 [20:29:20] [Server thread/INFO]: This server is running PocketMine-MP version 1.7dev-658 "[REDACTED]" (API 3.0.0-ALPHA10)
2018-01-26 [20:29:20] [Server thread/INFO]: PocketMine-MP is distributed under the LGPL License
2018-01-26 [20:29:20] [Server thread/INFO]: Loading recipes...
2018-01-26 [20:29:20] [Server thread/INFO]: Loading resource packs...
2018-01-26 [20:29:21] [Server thread/NOTICE]: Level "world" not found
2018-01-26 [20:29:21] [Server thread/INFO]: Preparing level "world"
2018-01-26 [20:29:21] [Server thread/NOTICE]: Spawn terrain for level "world" is being generated in the background
2018-01-26 [20:29:21] [Server thread/INFO]: Starting GS4 status listener
2018-01-26 [20:29:22] [Server thread/INFO]: Setting query port to 19132
2018-01-26 [20:29:22] [Server thread/INFO]: Query running on 0.0.0.0:19132
2018-01-26 [20:29:22] [Server thread/INFO]: Default game type: Survival Mode
2018-01-26 [20:29:22] [Server thread/INFO]: Done (73.64s)! For help, type "help" or "?"
2018-01-26 [20:29:25] [Server thread/INFO]: [CONSOLE: Stopping the server]
2018-01-26 [20:29:25] [Server thread/INFO]: Unloading level "world"
2018-01-26 [20:29:26] [Server thread/INFO]: Stopping other threads
2018-01-26 [20:32:28] [Server thread/INFO]: Loading pocketmine.yml...
2018-01-26 [20:32:28] [Server thread/INFO]: Loading server properties...
2018-01-26 [20:32:28] [Server thread/INFO]: Selected English (eng) as the base language
2018-01-26 [20:32:28] [Server thread/INFO]: Starting Minecraft: PE server version v1.2.7
2018-01-26 [20:32:28] [Server thread/NOTICE]: Online mode is enabled. The server will verify that players are authenticated to Xbox Live.
2018-01-26 [20:32:28] [Server thread/NOTICE]: To disable authentication, set "xbox-auth" to "false" in server.properties.
2018-01-26 [20:32:28] [Server thread/INFO]: Opening server on 0.0.0.0:19132
2018-01-26 [20:32:29] [Server thread/INFO]: This server is running PocketMine-MP version 1.7dev-658 "[REDACTED]" (API 3.0.0-ALPHA10)
2018-01-26 [20:32:29] [Server thread/INFO]: PocketMine-MP is distributed under the LGPL License
2018-01-26 [20:32:29] [Server thread/INFO]: Loading recipes...
2018-01-26 [20:32:29] [Server thread/INFO]: Loading resource packs...
2018-01-26 [20:32:29] [Server thread/INFO]: Preparing level "world"
2018-01-26 [20:32:29] [Server thread/INFO]: Starting GS4 status listener
2018-01-26 [20:32:29] [Server thread/INFO]: Setting query port to 19132
2018-01-26 [20:32:29] [Server thread/INFO]: Query running on 0.0.0.0:19132
2018-01-26 [20:32:29] [Server thread/INFO]: Default game type: Survival Mode
2018-01-26 [20:32:29] [Server thread/INFO]: Done (1.58s)! For help, type "help" or "?"
2018-01-26 [21:05:06] [Server thread/INFO]: [CONSOLE: Stopping the server]
2018-01-26 [21:05:06] [Server thread/INFO]: Unloading level "world"
2018-01-26 [21:05:06] [Server thread/INFO]: Stopping other threads
2018-01-27 [19:02:50] [Server thread/INFO]: Loading pocketmine.yml...
2018-01-27 [19:02:50] [Server thread/INFO]: Loading server properties...
2018-01-27 [19:02:50] [Server thread/INFO]: Selected English (eng) as the base language
2018-01-27 [19:02:50] [Server thread/INFO]: Starting Minecraft: PE server version v1.2.7
2018-01-27 [19:02:50] [Server thread/NOTICE]: Online mode is enabled. The server will verify that players are authenticated to Xbox Live.
2018-01-27 [19:02:50] [Server thread/NOTICE]: To disable authentication, set "xbox-auth" to "false" in server.properties.
2018-01-27 [19:02:50] [Server thread/INFO]: Opening server on 0.0.0.0:19132
2018-01-27 [19:02:51] [Server thread/INFO]: This server is running PocketMine-MP version 1.7dev-658 "[REDACTED]" (API 3.0.0-ALPHA10)
2018-01-27 [19:02:51] [Server thread/INFO]: PocketMine-MP is distributed under the LGPL License
2018-01-27 [19:02:51] [Server thread/INFO]: Loading recipes...
2018-01-27 [19:02:51] [Server thread/INFO]: Loading resource packs...
2018-01-27 [19:02:51] [Server thread/INFO]: Preparing level "world"
2018-01-27 [19:02:51] [Server thread/INFO]: Starting GS4 status listener
2018-01-27 [19:02:51] [Server thread/INFO]: Setting query port to 19132
2018-01-27 [19:02:51] [Server thread/INFO]: Query running on 0.0.0.0:19132
2018-01-27 [19:02:51] [Server thread/INFO]: Default game type: Survival Mode
2018-01-27 [19:02:51] [Server thread/INFO]: Done (3.014s)! For help, type "help" or "?"
2018-01-27 [19:09:15] [Server thread/INFO]: Loading pocketmine.yml...
2018-01-27 [19:09:15] [Server thread/INFO]: Loading server properties...
2018-01-27 [19:09:15] [Server thread/INFO]: Selected English (eng) as the base language
2018-01-27 [19:09:15] [Server thread/INFO]: Starting Minecraft: PE server version v1.2.7
2018-01-27 [19:09:15] [Server thread/NOTICE]: Online mode is enabled. The server will verify that players are authenticated to Xbox Live.
2018-01-27 [19:09:15] [Server thread/NOTICE]: To disable authentication, set "xbox-auth" to "false" in server.properties.
2018-01-27 [19:09:15] [Server thread/INFO]: Opening server on 0.0.0.0:19132
2018-01-27 [19:09:24] [Server thread/INFO]: Loading pocketmine.yml...
2018-01-27 [19:09:24] [Server thread/INFO]: Loading server properties...
2018-01-27 [19:09:24] [Server thread/INFO]: Selected English (eng) as the base language
2018-01-27 [19:09:24] [Server thread/INFO]: Starting Minecraft: PE server version v1.2.7
2018-01-27 [19:09:24] [Server thread/NOTICE]: Online mode is enabled. The server will verify that players are authenticated to Xbox Live.
2018-01-27 [19:09:24] [Server thread/NOTICE]: To disable authentication, set "xbox-auth" to "false" in server.properties.
2018-01-27 [19:09:24] [Server thread/INFO]: Opening server on 0.0.0.0:19132
2018-01-27 [19:09:25] [Server thread/INFO]: Loading pocketmine.yml...
2018-01-27 [19:09:25] [Server thread/INFO]: Loading server properties...
2018-01-27 [19:09:25] [Server thread/INFO]: Selected English (eng) as the base language
2018-01-27 [19:09:25] [Server thread/INFO]: Starting Minecraft: PE server version v1.2.7
2018-01-27 [19:09:25] [Server thread/NOTICE]: Online mode is enabled. The server will verify that players are authenticated to Xbox Live.
2018-01-27 [19:09:25] [Server thread/NOTICE]: To disable authentication, set "xbox-auth" to "false" in server.properties.
2018-01-27 [19:09:26] [Server thread/INFO]: Opening server on 0.0.0.0:19132
2018-01-27 [19:09:26] [Server thread/INFO]: This server is running PocketMine-MP version 1.7dev-658 "[REDACTED]" (API 3.0.0-ALPHA10)
2018-01-27 [19:09:26] [Server thread/INFO]: PocketMine-MP is distributed under the LGPL License
2018-01-27 [19:09:26] [Server thread/INFO]: Loading recipes...
2018-01-27 [19:09:59] [Server thread/INFO]: Loading pocketmine.yml...
2018-01-27 [19:09:59] [Server thread/INFO]: Loading server properties...
2018-01-27 [19:09:59] [Server thread/INFO]: Selected English (eng) as the base language
2018-01-27 [19:09:59] [Server thread/INFO]: Starting Minecraft: PE server version v1.2.7
2018-01-27 [19:09:59] [Server thread/NOTICE]: Online mode is enabled. The server will verify that players are authenticated to Xbox Live.
2018-01-27 [19:09:59] [Server thread/NOTICE]: To disable authentication, set "xbox-auth" to "false" in server.properties.
2018-01-27 [19:09:59] [Server thread/INFO]: Opening server on 0.0.0.0:19132
2018-01-27 [19:09:59] [Server thread/INFO]: This server is running PocketMine-MP version 1.7dev-658 "[REDACTED]" (API 3.0.0-ALPHA10)
2018-01-27 [19:09:59] [Server thread/INFO]: PocketMine-MP is distributed under the LGPL License
2018-01-27 [19:09:59] [Server thread/INFO]: Loading recipes...
2018-01-27 [19:10:00] [Server thread/INFO]: Loading resource packs...
2018-01-27 [19:10:00] [Server thread/INFO]: Preparing level "world"
2018-01-27 [19:10:00] [Server thread/INFO]: Starting GS4 status listener
2018-01-27 [19:10:00] [Server thread/INFO]: Setting query port to 19132
2018-01-27 [19:10:00] [Server thread/INFO]: Query running on 0.0.0.0:19132
2018-01-27 [19:10:00] [Server thread/INFO]: Default game type: Survival Mode
2018-01-27 [19:10:00] [Server thread/INFO]: Done (1.587s)! For help, type "help" or "?"
2018-01-27 [19:17:45] [Server thread/INFO]: Loading pocketmine.yml...
2018-01-27 [19:17:45] [Server thread/INFO]: Loading server properties...
2018-01-27 [19:17:45] [Server thread/INFO]: Selected English (eng) as the base language
2018-01-27 [19:17:45] [Server thread/INFO]: Starting Minecraft: PE server version v1.2.7
2018-01-27 [19:17:45] [Server thread/NOTICE]: Online mode is enabled. The server will verify that players are authenticated to Xbox Live.
2018-01-27 [19:17:45] [Server thread/NOTICE]: To disable authentication, set "xbox-auth" to "false" in server.properties.
2018-01-27 [19:17:45] [Server thread/INFO]: Opening server on 0.0.0.0:19132
2018-01-27 [19:17:45] [Server thread/INFO]: This server is running PocketMine-MP version 1.7dev-658 "[REDACTED]" (API 3.0.0-ALPHA10)
2018-01-27 [19:17:45] [Server thread/INFO]: PocketMine-MP is distributed under the LGPL License
2018-01-27 [19:17:46] [Server thread/INFO]: Loading recipes...
2018-01-27 [19:17:46] [Server thread/INFO]: Loading resource packs...
2018-01-27 [19:17:46] [Server thread/INFO]: Preparing level "world"
2018-01-27 [19:17:46] [Server thread/INFO]: Starting GS4 status listener
2018-01-27 [19:17:46] [Server thread/INFO]: Setting query port to 19132
2018-01-27 [19:17:46] [Server thread/INFO]: Query running on 0.0.0.0:19132
2018-01-27 [19:17:46] [Server thread/INFO]: Default game type: Survival Mode
2018-01-27 [19:17:46] [Server thread/INFO]: Done (1.716s)! For help, type "help" or "?"
2018-01-27 [20:33:35] [Server thread/INFO]: [CONSOLE: Stopping the server]
2018-01-27 [20:33:35] [Server thread/INFO]: Unloading level "world"
2018-01-27 [20:33:35] [Server thread/INFO]: Stopping other threads
2018-01-27 [20:33:39] [Server thread/INFO]: Loading pocketmine.yml...
2018-01-27 [20:33:39] [Server thread/INFO]: Loading server properties...
2018-01-27 [20:33:39] [Server thread/INFO]: Selected English (eng) as the base language
2018-01-27 [20:33:39] [Server thread/INFO]: Starting Minecraft: PE server version v1.2.7
2018-01-27 [20:33:39] [Server thread/NOTICE]: Online mode is enabled. The server will verify that players are authenticated to Xbox Live.
2018-01-27 [20:33:39] [Server thread/NOTICE]: To disable authentication, set "xbox-auth" to "false" in server.properties.
2018-01-27 [20:33:39] [Server thread/INFO]: Opening server on 0.0.0.0:19132
2018-01-27 [20:33:40] [Server thread/INFO]: This server is running PocketMine-MP version 1.7dev-658 "[REDACTED]" (API 3.0.0-ALPHA10)
2018-01-27 [20:33:40] [Server thread/INFO]: PocketMine-MP is distributed under the LGPL License
2018-01-27 [20:33:40] [Server thread/INFO]: Loading recipes...
2018-01-27 [20:33:40] [Server thread/INFO]: Loading resource packs...
2018-01-27 [20:33:40] [Server thread/INFO]: Preparing level "world"
2018-01-27 [20:33:40] [Server thread/INFO]: Starting GS4 status listener
2018-01-27 [20:33:40] [Server thread/INFO]: Setting query port to 19132
2018-01-27 [20:33:40] [Server thread/INFO]: Query running on 0.0.0.0:19132
2018-01-27 [20:33:40] [Server thread/INFO]: Default game type: Survival Mode
2018-01-27 [20:33:40] [Server thread/INFO]: Done (3.231s)! For help, type "help" or "?"
2018-01-27 [21:09:31] [Server thread/INFO]: [CONSOLE: Stopping the server]
2018-01-27 [21:09:31] [Server thread/INFO]: Unloading level "world"
2018-01-27 [21:09:31] [Server thread/INFO]: Stopping other threads
2018-01-27 [21:09:33] [Server thread/INFO]: Loading pocketmine.yml...
2018-01-27 [21:09:33] [Server thread/INFO]: Loading server properties...
2018-01-27 [21:09:33] [Server thread/INFO]: Selected English (eng) as the base language
2018-01-27 [21:09:33] [Server thread/INFO]: Starting Minecraft: PE server version v1.2.7
2018-01-27 [21:09:33] [Server thread/NOTICE]: Online mode is enabled. The server will verify that players are authenticated to Xbox Live.
2018-01-27 [21:09:33] [Server thread/NOTICE]: To disable authentication, set "xbox-auth" to "false" in server.properties.
2018-01-27 [21:09:33] [Server thread/INFO]: Opening server on 0.0.0.0:19132
2018-01-27 [21:09:34] [Server thread/INFO]: This server is running PocketMine-MP version 1.7dev-658 "[REDACTED]" (API 3.0.0-ALPHA10)
2018-01-27 [21:09:34] [Server thread/INFO]: PocketMine-MP is distributed under the LGPL License
2018-01-27 [21:09:34] [Server thread/INFO]: Loading recipes...
2018-01-27 [21:09:34] [Server thread/INFO]: Loading resource packs...
2018-01-27 [21:09:34] [Server thread/INFO]: Preparing level "world"
2018-01-27 [21:09:34] [Server thread/INFO]: Starting GS4 status listener
2018-01-27 [21:09:34] [Server thread/INFO]: Setting query port to 19132
2018-01-27 [21:09:34] [Server thread/INFO]: Query running on 0.0.0.0:19132
2018-01-27 [21:09:34] [Server thread/INFO]: Default game type: Survival Mode
2018-01-27 [21:09:34] [Server thread/INFO]: Done (1.603s)! For help, type "help" or "?"
2018-01-27 [21:29:04] [Server thread/INFO]: TumbleGamer[/25.94.167.48:56511] logged out due to Server is white-listed
