PocketMine-MP Crash Dump Fri Sep 15 20:38:17 GMT 2017

Error: file_put_contents(C:\Users\camtr_000\Documents\GitHub\TumbleCraftBedrock\worlds/world/level.dat): failed to open stream: No such file or directory
File: src/pocketmine/level/format/io/BaseLevelProvider
Line: 130
Type: notice

Code:
[121] 		return $this->levelData;
[122] 	}
[123] 
[124] 	public function saveLevelData(){
[125] 		$nbt = new NBT(NBT::BIG_ENDIAN);
[126] 		$nbt->setData(new CompoundTag("", [
[127] 			$this->levelData
[128] 		]));
[129] 		$buffer = $nbt->writeCompressed();
[130] 		file_put_contents($this->getPath() . "level.dat", $buffer);
[131] 	}
[132] 
[133] 	public function requestChunkTask(int $x, int $z) : AsyncTask{
[134] 		$chunk = $this->getChunk($x, $z, false);
[135] 		if(!($chunk instanceof Chunk)){
[136] 			throw new ChunkException("Invalid Chunk sent");
[137] 		}
[138] 
[139] 		return new ChunkRequestTask($this->level, $chunk);
[140] 	}

Backtrace:
#0 (): pocketmine\{closure}(integer 2, string file_put_contents(C:\Users\camtr_000\Documents\GitHub\TumbleCraftBedrock\worlds/world/level.dat): failed to open stream: No such file or directory, string phar://C:/Users/camtr_000/Documents/GitHub/TumbleCraftBedrock/PocketMine-MP.phar/src/pocketmine/level/format/io/BaseLevelProvider.php, integer 130, array Array())
#1 src/pocketmine/level/format/io/BaseLevelProvider(130): file_put_contents(string C:\Users\camtr_000\Documents\GitHub\TumbleCraftBedrock\worlds/world/level.dat, string ..........M.Qn.0.D'"P.......*.AU.G.U.*...9.(\....2=.?.DY.A./..x.6.2.9EJ.V.........h......5...M..u0.`......j.......m.....W.<.fy..m..~E.rj...lN.M..O...R~...G..../.>.@.........M...R..&.g.0.q>.?z......?.....B.....bw.............:.*.+...)
#2 src/pocketmine/level/Level(951): pocketmine\level\format\io\BaseLevelProvider->saveLevelData()
#3 src/pocketmine/Server(2383): pocketmine\level\Level->save(boolean )
#4 src/pocketmine/Server(2526): pocketmine\Server->doAutoSave()
#5 src/pocketmine/Server(2238): pocketmine\Server->tick()
#6 src/pocketmine/Server(2117): pocketmine\Server->tickProcessor()
#7 src/pocketmine/Server(1699): pocketmine\Server->start()
#8 src/pocketmine/PocketMine(541): pocketmine\Server->__construct(BaseClassLoader object, pocketmine\utils\MainLogger object, string phar://C:/Users/camtr_000/Documents/GitHub/TumbleCraftBedrock/PocketMine-MP.phar/, string C:\Users\camtr_000\Documents\GitHub\TumbleCraftBedrock\, string C:\Users\camtr_000\Documents\GitHub\TumbleCraftBedrock\plugins\)
#9 C:/Users/camtr_000/Documents/GitHub/TumbleCraftBedrock/PocketMine-MP.phar(1): require_once(string phar://C:/Users/camtr_000/Documents/GitHub/TumbleCraftBedrock/PocketMine-MP.phar/src/pocketmine/PocketMine.php)

PocketMine-MP version: 1.7dev #0 [Protocol 136; API 3.0.0-ALPHA7]
Git commit: 0000000000000000000000000000000000000000
uname -a: Windows NT TUMBLE-LAPTOP 10.0 build 15063 (Windows 10) AMD64
PHP Version: 7.2.0RC1
Zend version: 3.2.0-dev
OS : WINNT, win

Loaded plugins:

----------------------REPORT THE DATA BELOW THIS LINE-----------------------

===BEGIN CRASH DUMP===
eNrtWgtz20aS/itzlOtC7RHgSxQlZuWsLCu27mRba8nnugpTuiEwIBGDAIIBRNEp72+/r3tmQJCS
NreX7NVulVllmZxHT7/76wF+aZXxUrUm/VFvNOqNj47HnVYidXleFFnRmvzSKtc5pltpVsaBanVa
S6W1nNNQFCfqNq/K2yBLS5WWun02mU4/aFXo6TSQy7K47fV60+nLLKiWND+dvorL19VsOr2plrNE
nRUyKl+osMiCT9PpKiuSUHf5v26i7lTih7Lcn4hI4qBQlJnIcpUKXRZKLifibSZ0FSwEsSGyQoRx
oYIyK9ZgMqqS5HuMg8t8IYtJt3s26TJn3Zqxbs1X17DVfchV9wp/VPkmTpX35sonWl1dBN2ch5cY
Npx2o6xYyrIbZ90XUqtLGrsqsrs4VAV25cSSYedv3Y2dCRbCQMNep1UWEkaY/NDa64k2VLOhNJ3+
EiSZrgr1pR3DHHNViEGHlBWnc/GPaqqawX8IK3WE0xwpW8iikGtxSn/b+/swxF5f/K1k26BEenmg
fyv338EMtU79+vPG/3Pq9/yX30xbV3boD/7pB/+V/wFffP/Yb0+nNDo48b/zX/6Xf+p3ff/eP/QH
/vH5v/v/WVNamP9GTNSvev5/m4Gf7PyS/370/+hHa/71l3O/oMnkLW14h2/v/4I/r2hZ13/u/6nB
JOZ8/1/9OVj9+bn/3Wcz/h3/fcF/Zyu/+ZmA+3/D/2ycwePGYXO0j0f9nXDh2enU2G46jbPp9IH1
vOda3pmhl7KUbT5nuHvOtSruYOnB8Gj4+BlMwNBqz7IsUTIVTOrgKVKjweEOKTPjPQ+z06rMrokU
kxg9RQLsPEECifyT2Xz41OZ+f/xXNkM9AapAVhgq4yeo9A+Pj5+goktZlGb30e7uTTC3Rwf9Jwjc
UiTBz6ugbJPZzlCz9GUmYTSRzX5Cduls7avKOEE0vZFxepnN541Vf68EVFP+TSH++1DJk2oep1jE
Gj8Wv5uUbbJPoX6ukNBvszRQ7f+nfL5ZQYl7v/Xjl05L/XNDlt+OD6ADY+nWJJKJVp1WkIWKNNIf
9EF7Wk7BSFkVqXhWLmLtPU9cavsWdPqDAS/6wt+H+M5fDngwr2ZJHIioSoMyziDSdmL8hZeO7CHP
0lkpTkSqVuLti5s2/k0mLy5e3Z6/fXlx+nbfHHbYWIyMoEqmRHvOsmWeVWl4I+ftaWva6ogfeMfY
7sCeHfZ5+shO/7hvTzh2J8yqKELInwhz1qqIS0WHFHAMFbbN8mHPLn/oJPa4uSqvZLlo7wtfTFu1
vYlBe4Sl1N/ocTiwehwOH9UjBY/S5dmiSj/dSP2JwJt4ds9QRDz7vC8m4lSv04DmWMnDAydVQHtI
qJo7ptKm3c8+dwT7gOXIWSaO2v/StjuREUqJmM0iwRv3jRWHh7Way0WRrdiMvOD8PlA5cQ2rXKR3
MolDMyE01DRt2bOcmYz8R07+420PrKm+Nxpg4Zt2hRDMp6F60LM6/fIVBX9FwV9R8FcU/BUFf0XB
X1HwNgrutOYqVYVMCPSlki72WltkIDk8R6OGY6bvj0N1h6FZFSdha9IDfiyyMguyhPDkYacl8xjr
hkhFPe/08ur16Rir53GJwd7/8oMNhfyUxDPa4x/5fQxUlrWPcRpmKy3e3oibD29eXJ57l6dXN++u
RB8HCuZK9Ee9w6Fou6X93r44ffPy8ABk6GJt0hojPffenxHdzyoNmV+MeEY0rLnNNJ118fbtDQb4
xwoYuUbLGPgBmstlAa5KaMf81hxkPjSSq6KMFe3bu6p/AaWmUWxAxbSYpn80H/H6/PQl/d77vojF
tcohgBj0JsPhpH8oXr25wY/+mBacmM8jawdHk+Foa+1z8xGHo0ANDo5kOB70w/HhQXB0eDyMxr3Z
MIp6Er+G/SDszUa0Z5mV4UnDrSbCRQImjXAe2eHX1uRZUZ70j4FkaXCOHUt0FSc9PkPee3ki11Da
yYBHdC5XqUdupBjgnnh9Gl4tALm9JNblSZbSgEolDvUA/Yr19lCBnHaSRRENyTRFIxAoe4gng0WM
MsKRY3fJJMlWXpTE80XpthkmZBovAYHtOjO2zGZuADUPhGt57FZEWRhkRf07v8vt+jCOojioknJ9
wiKZSAN+89C7lAh3zbbkamcUy5BkM6aVCk+ORwfjUW8w3gxTt3ry8vz70w+XNzRK8vs5Ejm2hyd/
4A/ERL3zqHZabu5itfLC2CD4kyMaIm+vc4O/XibksIKSvQjYVyuwSz0HA1CIL7ZSAzuiuFkorYST
COhPiXIBuJrC48uFLEVANinFTAEmBkkVAujigAfBYqhdZ0vsjYjELlUtI9URGWYKTUTFDCj5k1hn
VWGpiTgSME0cxXwGrEJ4OVkb0m/RPziC3VBFEpbRYpWl35RC5rmShSCdAdbEAXxkDREEdRdG+tUC
wLzK54UMQcAnksblDcEJ/RB7N4tCwWsxCG4Smc4rOVeCmmpWnw0QDZAkkgynxJ9ZwWbz2UIFVp7t
rWBkUZa5RmVQqb+KP8W5CmPpZ8W8S7+6lzDrbRbdXly/uz0cHnuDW9rHKq1JTdCBqnSO9pgP+7hQ
pEnqOdCLhQIS25oJsxUy1YksTUtidcv8chsC8djEyJdxoMRCpmHCRl8yaRMmm2O5q+QZvahK5GQE
lblfIZYMMhHUhKnQMXdKISoo+LkomqQr7mIp/kzhz4s4EXh2bgKeK3PI3vUCeyV5sAZmFPYsY0Bp
iYlKwz1DhYY+YDlPry6wslxkodHaZsoDezMw1zzinBOPowX5BWUAAWeGrxDLs7WwHsYbbKKq55tK
2fsYQ/VZCoeTYQhUoI1fEruEGsGWpP6UUpiAN84U6QZmAHyQCRloHt9hLbrrSom2PRaFYJ/JmzOR
JBWlZQ8WJhg3ESb5ir23yOUE66LNrQFioviEIPPNCiCRkL3XiUvr0Ocj0cJVsF53BCcuYRMcHLoD
hZjbEkofpKCVmtHYskoRXbTEUr9mZ4JcCMEiu0cCLhVUAbE4ENKaPdKwY+kiokimRRSx6D/Lb6DD
suB9oaJKwh66s1u0IQUsLwZGNyyJZ6WdMC0X15Tji7WN6ldJNoOqdRaVwkzAN5dxSXlsqeZyti7B
mrg2LPWYiViTyV1WgHyrmFlk9QuqQIaSs4hmLUUAhPgikOdTJhYhn7gzjUtArIodep5BooyCh/TH
J82ZUY+Zm4ieE0bscU4vkZxk+E8gxhLc/ooQVHV/oxC6zHLmwya4mi9LTwuEHZVVFW64onMda/3e
4GDDHYfPR/Yly6T+5vdgMyikXjBfFGsiqFDUUhQ1oe5VUHGCzAzfxpGpCNar1X0ADKE3Ytmgf3dz
PhE3ry+uxeXFm4sbpL+ry4vza3F1/l58fPf+P87fdwQWiZt3WHUuPr5+d3kurt6/Ozu/vvYfxM5f
0cqVKuKMCz7lMk1yBlzmrFLqfNWHGZCyQxOZvMZDLlEuU9kSmaWQGHkOHkaSP+WAxvGAIROunpQx
zTJD3VBB/trkQ5fczTnvKB0TmuBN/sMN5B4mq4ewYq4CAh1Gz8S1MbPZW4sCj1O53og87FmZ9f4T
bFkNDDcamMtihqjx0HElBi+bHPWopjkMiSW7S9hdyIJLmVYMcprcAAZWcMv9jsuuD/zSOqapVlHk
8uxyE5m+eGdwhQkB1PysSsKalRjZeJWKDfsm4kXO3EPUQ2rQnbRi73vOJA8qDvuRoVELFxXZ0pUu
s9uu8Jq+umNpCGQN+tBNHvGund3UzfCVs3ZWeCNRwqolynhKdyoOb5N8wrQkJs9sjiJPstRtohFM
0iOkWaEsHTSYfZmZyV2LUpWlLGDomMXOhww1u/B3FZ+rvhegx1JOAdZZ3KE01QBOv0qS/qWqJFM1
EDV8KDEQZCZLNHSECSU1IpqunoXNpRyzpm+wsyaBzlQNRqyC95pp181RzijWJVHvCK/f8HyT8Pho
r3TsIC+NDl1S2kAd7tAIY4TGzoStGRDSbgxaznzxGu0nP2FaEnI8u/rQwV5wMUP6WsVhuTDl0SaG
+gCPD5iIcY3NNrhNs4oai31xGiIEFzKJuujHDJwMFdzQHoZjYRKU0yxtxnAjwTeobQHgewpYgqQy
6Zh0QGfbOxdfwKsUBymhrQ9X6ZXDapvuiuAobVqhdjDRKk9zzw5sY+RQzaq584fM5l1Blblgz7eV
kGAnJS661PHrWU0uwlgyX+R+nMbESt+K6Na48P0oi5TyfmM3tZ420xMlS6QjQlQhEmqzcikRzEtY
uCR9FlVKL8pR5PNlOWUBUHZFwxwIWVMvjjw72lQxMO5z0Sdsa+EKtTWsCdfSsGSUfm2rY9o94x/9
ZqOiRRdpqKwQLt154FwKLIW6oWW+vOAUNXH9aIa+h/zYdYrK9T2cyEJZSnqs6/phfsTrLl5osiGO
hDKQFJQsnaohn3nm7CAlg3c4G5dunQO3cClPsyCJc8F74VlvoORAklstszvXFOlKUbAjaDTdH8zQ
q36iFioOFmw/un9YwzPMbUPCZkp4c20JcyvkaBpWm9rZ4pgMq80x5hZCG+1Qn2a1o+uDmRTpqMH7
78gyP5RlJnZs6e6Qdi4olOtMhXmGYy5peLFNmJW23XIAqqXNmXaTZzZNRA73uYsTi323IjtYoPdX
jiQnHYY/UBElmZISzaBnYQoVRoOCjJ/QrRXNWOizcaCtCQc2XRd7TdmeQmEmtWoc2e4jwz5yVkcM
MNF/bEKVgb9vM75WTV5sTN0QdboucYZWqHLmTPJdozq+ptrcX1El4TsN6nEsgE5Wcq0NfUtpx4Cm
htoKskl/Vr22a0nJHsku3ui4VVu3fo/eu9mW+nSZIWFxq8yAhp/Qc0RaKUlHxKy5VUCE0w+LTsTe
ewYrje3sVakyV0gzZcjNVETVjm9WqSqSxQx9kz/4xnUL98C0SCpCEt8x3ZcpumvJ1/aOULgXExyY
oioUSV2y8llxdaGMqoQXZhrdk0cJMQ4MhOHbloKu5EoWwYn8U0bXHQbiarlUHPcmfRKwcdDvMauR
cjZWAyoUclfBuXkcCIFqB9rVbe8J5cqC3nbh2yzOxFBxvd06rNHh0NQEuur2qhw5WW3ltCBR0hzG
N+1b5eclH2jzEmUj8gVTyxBbqPNLYYUU7jLHgT/etK0Csech5PbEHN2s3lbV5tZooy3/obpsrVvJ
mHvenytlCjB8y1KwmYpnPA1XmYij/yPFPMurpKZofxH8ekCc/nES8XJXOM1jBI+9mfzYNDRwvJT8
sh7v13mN6uZEuM7HORc9767yiTjeNEQmQDj3OchiqYLeuGfLgnmKgQNGDmTQsfWwHZXLWYyYdMv4
yQjlWHNROHF5le42+QbCjBuMaV3XRddD9EKx59Ed9O5YXY52xgGr4jTKms6JMuSZa+/N2kVGXsoM
+flyCShW39jJNEvXS2qeObQ1jKIbUtC9gF0gNgtYGsYxcj4v1NxeXtaXxNRi0ctDn54W1bBEJLXf
eJqCLmZLrSb6rIc8pALXMismDWBocV2zgeLxbEsne2f0LISv41WS5QQROqgu+UJ2MAzR6MFDuWlk
ALEiVaDZ9KhGpIQWaVmNOiuyK3JLg56wj4AbaLRC86ZLU2ZcKrf0jFXNAnfGQyMacXetiAzbQCsW
gRJt2uQaCjIaFTY6l5G93eUuz/3GMXZq9xyn2l9BurbIsnVtBDQu3NwjhjIunXLd1drCjnKOpKbf
dqI2RdI9P1r4kLuwOKopoUuHPBvsuNUtMEFbGppNM8oikIrT2fm9JKToflLbAF6tASfOknYSiYeu
QSfiB8buwCgdvhf90dE29XEDHpsP5Vgmurkt6HkW3zO5J5zchz2GNhjSMxTS3HmSNpewWQyWLWLc
EsOezGzY74Iei1JatQBhc+pEfH95ejMZfDvujI7v+53h/bAz+Lb/bQhoZypMuywUfqAOnBz1TDEy
vw5G+/aJqLovAeSpoaNXIs6AV7ZfGZgFQLqLnbHPg+0BelSWhrLYGbXvGTeHqiLZHqGo2B6J4gSZ
Y3tsvtx5k2GBlMhvaND7Ez9p+7rGIf9czsyTve0dhAnBYrg9mge7Auf2Ko/fk6jfAHmvInvxtEOV
U6DeHQQcWW6PXV9dbg8s1/rnhF/HsN/EyO/5/QG9lyE8erNh1DvojfH12QXsPxseHx6PDpSaDcJ+
eKzC8XFvMDuaSTUYjmeDo3E06EuMi2egvZb8cBtn+QN67SPOWT39Eb9d8tm8bNLghV7D1HrHMlcL
Nqgjskn2twwo+F0pfmeFjPDly/8AG8ki7A==
===END CRASH DUMP===
